  draw a tree.cpp
D:\2023code\test\draw a tree\draw a tree\draw a tree.cpp(18,19): warning C4305: “初始化”: 从“double”到“float”截断
D:\2023code\test\draw a tree\draw a tree\draw a tree.cpp(19,19): warning C4305: “初始化”: 从“double”到“float”截断
D:\2023code\test\draw a tree\draw a tree\draw a tree.cpp(53,22): warning C4244: “+=”: 从“double”转换到“int”，可能丢失数据
D:\2023code\test\draw a tree\draw a tree\draw a tree.cpp(72,10): warning C4244: “初始化”: 从“double”转换到“float”，可能丢失数据
D:\2023code\test\draw a tree\draw a tree\draw a tree.cpp(82,25): warning C4244: “参数”: 从“float”转换到“int”，可能丢失数据
D:\2023code\test\draw a tree\draw a tree\draw a tree.cpp(83,42): warning C4244: “参数”: 从“double”转换到“float”，可能丢失数据
D:\2023code\test\draw a tree\draw a tree\draw a tree.cpp(86,32): warning C4244: “参数”: 从“float”转换到“int”，可能丢失数据
D:\2023code\test\draw a tree\draw a tree\draw a tree.cpp(86,25): warning C4244: “参数”: 从“float”转换到“int”，可能丢失数据
D:\2023code\test\draw a tree\draw a tree\draw a tree.cpp(86,16): warning C4244: “参数”: 从“float”转换到“int”，可能丢失数据
D:\2023code\test\draw a tree\draw a tree\draw a tree.cpp(86,7): warning C4244: “参数”: 从“float”转换到“int”，可能丢失数据
D:\2023code\test\draw a tree\draw a tree\draw a tree.cpp(96,24): warning C4244: “初始化”: 从“double”转换到“float”，可能丢失数据
D:\2023code\test\draw a tree\draw a tree\draw a tree.cpp(121,23): warning C4244: “参数”: 从“float”转换到“int”，可能丢失数据
D:\2023code\test\draw a tree\draw a tree\draw a tree.cpp(121,16): warning C4244: “参数”: 从“float”转换到“int”，可能丢失数据
D:\2023code\test\draw a tree\draw a tree\draw a tree.cpp(125,42): warning C4244: “参数”: 从“float”转换到“int”，可能丢失数据
D:\2023code\test\draw a tree\draw a tree\draw a tree.cpp(125,23): warning C4244: “参数”: 从“float”转换到“int”，可能丢失数据
D:\2023code\test\draw a tree\draw a tree\draw a tree.cpp(125,16): warning C4244: “参数”: 从“float”转换到“int”，可能丢失数据
D:\2023code\test\draw a tree\draw a tree\draw a tree.cpp(131,43): warning C4305: “参数”: 从“double”到“float”截断
D:\2023code\test\draw a tree\draw a tree\draw a tree.cpp(131,25): warning C4305: “参数”: 从“double”到“float”截断
D:\2023code\test\draw a tree\draw a tree\draw a tree.cpp(132,41): warning C4305: “参数”: 从“double”到“float”截断
D:\2023code\test\draw a tree\draw a tree\draw a tree.cpp(132,25): warning C4305: “参数”: 从“double”到“float”截断
D:\2023code\test\draw a tree\draw a tree\draw a tree.cpp(133,43): warning C4305: “参数”: 从“double”到“float”截断
D:\2023code\test\draw a tree\draw a tree\draw a tree.cpp(133,25): warning C4305: “参数”: 从“double”到“float”截断
D:\2023code\test\draw a tree\draw a tree\draw a tree.cpp(134,53): warning C4305: “参数”: 从“double”到“float”截断
D:\2023code\test\draw a tree\draw a tree\draw a tree.cpp(134,35): warning C4305: “参数”: 从“double”到“float”截断
D:\2023code\test\draw a tree\draw a tree\draw a tree.cpp(135,48): warning C4305: “参数”: 从“double”到“float”截断
D:\2023code\test\draw a tree\draw a tree\draw a tree.cpp(135,36): warning C4305: “参数”: 从“double”到“float”截断
D:\2023code\test\draw a tree\draw a tree\draw a tree.cpp(136,48): warning C4305: “参数”: 从“double”到“float”截断
D:\2023code\test\draw a tree\draw a tree\draw a tree.cpp(136,23): warning C4305: “参数”: 从“double”到“float”截断
D:\2023code\test\draw a tree\draw a tree\draw a tree.cpp(159,15): warning C4244: “参数”: 从“time_t”转换到“unsigned int”，可能丢失数据
  draw a tree.vcxproj -> D:\2023code\test\draw a tree\x64\Debug\draw a tree.exe
